{"C:\\Users\\MSabelita681\\Desktop\\xend\\src\\app.ts": {"path":"C:\\Users\\MSabelita681\\Desktop\\xend\\src\\app.ts","statementMap":{"0":{"start":{"line":1,"column":0},"end":{"line":1,"column":35}},"1":{"start":{"line":2,"column":0},"end":{"line":2,"column":42}},"2":{"start":{"line":4,"column":0},"end":{"line":4,"column":30}},"3":{"start":{"line":11,"column":8},"end":{"line":11,"column":29}},"4":{"start":{"line":12,"column":8},"end":{"line":12,"column":22}},"5":{"start":{"line":16,"column":8},"end":{"line":16,"column":40}},"6":{"start":{"line":17,"column":8},"end":{"line":17,"column":null}},"7":{"start":{"line":21,"column":0},"end":{"line":21,"column":29}}},"fnMap":{"0":{"name":"(anonymous_0)","decl":{"start":{"line":10,"column":4},"end":{"line":10,"column":null}},"loc":{"start":{"line":10,"column":4},"end":{"line":13,"column":5}}},"1":{"name":"(anonymous_1)","decl":{"start":{"line":15,"column":12},"end":{"line":15,"column":18}},"loc":{"start":{"line":15,"column":18},"end":{"line":18,"column":5}}}},"branchMap":{},"s":{"0":1,"1":1,"2":1,"3":1,"4":1,"5":1,"6":1,"7":1},"f":{"0":1,"1":1},"b":{}}
,"C:\\Users\\MSabelita681\\Desktop\\xend\\src\\routes.ts": {"path":"C:\\Users\\MSabelita681\\Desktop\\xend\\src\\routes.ts","statementMap":{"0":{"start":{"line":1,"column":0},"end":{"line":1,"column":35}},"1":{"start":{"line":2,"column":0},"end":{"line":2,"column":62}},"2":{"start":{"line":3,"column":15},"end":{"line":3,"column":31}},"3":{"start":{"line":4,"column":23},"end":{"line":4,"column":43}},"4":{"start":{"line":6,"column":0},"end":{"line":6,"column":64}},"5":{"start":{"line":8,"column":0},"end":{"line":8,"column":22}}},"fnMap":{},"branchMap":{},"s":{"0":1,"1":1,"2":1,"3":1,"4":1,"5":1},"f":{},"b":{}}
,"C:\\Users\\MSabelita681\\Desktop\\xend\\src\\controllers\\BaseController.ts": {"path":"C:\\Users\\MSabelita681\\Desktop\\xend\\src\\controllers\\BaseController.ts","statementMap":{"0":{"start":{"line":2,"column":0},"end":{"line":2,"column":54}},"1":{"start":{"line":10,"column":4},"end":{"line":10,"column":25}},"2":{"start":{"line":11,"column":4},"end":{"line":11,"column":19}},"3":{"start":{"line":15,"column":4},"end":{"line":15,"column":39}},"4":{"start":{"line":19,"column":4},"end":{"line":26,"column":7}},"5":{"start":{"line":20,"column":21},"end":{"line":20,"column":35}},"6":{"start":{"line":21,"column":6},"end":{"line":25,"column":null}},"7":{"start":{"line":22,"column":8},"end":{"line":24,"column":37}},"8":{"start":{"line":23,"column":10},"end":{"line":23,"column":24}},"9":{"start":{"line":24,"column":24},"end":{"line":24,"column":35}},"10":{"start":{"line":30,"column":4},"end":{"line":30,"column":44}},"11":{"start":{"line":34,"column":19},"end":{"line":34,"column":33}},"12":{"start":{"line":35,"column":21},"end":{"line":35,"column":28}},"13":{"start":{"line":36,"column":4},"end":{"line":38,"column":null}},"14":{"start":{"line":37,"column":6},"end":{"line":37,"column":66}},"15":{"start":{"line":42,"column":19},"end":{"line":42,"column":33}},"16":{"start":{"line":43,"column":4},"end":{"line":43,"column":75}},"17":{"start":{"line":4,"column":0},"end":{"line":4,"column":13}}},"fnMap":{"0":{"name":"(anonymous_6)","decl":{"start":{"line":9,"column":2},"end":{"line":9,"column":14}},"loc":{"start":{"line":9,"column":25},"end":{"line":12,"column":3}}},"1":{"name":"(anonymous_7)","decl":{"start":{"line":14,"column":15},"end":{"line":14,"column":22}},"loc":{"start":{"line":14,"column":38},"end":{"line":16,"column":null}}},"2":{"name":"(anonymous_9)","decl":{"start":{"line":18,"column":15},"end":{"line":18,"column":23}},"loc":{"start":{"line":18,"column":48},"end":{"line":27,"column":null}}},"3":{"name":"(anonymous_11)","decl":{"start":{"line":19,"column":23},"end":{"line":19,"column":24}},"loc":{"start":{"line":19,"column":43},"end":{"line":26,"column":5}}},"4":{"name":"(anonymous_12)","decl":{"start":{"line":22,"column":53},"end":{"line":22,"column":57}},"loc":{"start":{"line":22,"column":60},"end":{"line":24,"column":9}}},"5":{"name":"(anonymous_13)","decl":{"start":{"line":24,"column":17},"end":{"line":24,"column":20}},"loc":{"start":{"line":24,"column":24},"end":{"line":24,"column":35}}},"6":{"name":"(anonymous_14)","decl":{"start":{"line":29,"column":15},"end":{"line":29,"column":24}},"loc":{"start":{"line":29,"column":32},"end":{"line":31,"column":null}}},"7":{"name":"(anonymous_16)","decl":{"start":{"line":33,"column":15},"end":{"line":33,"column":25}},"loc":{"start":{"line":33,"column":33},"end":{"line":39,"column":null}}},"8":{"name":"(anonymous_18)","decl":{"start":{"line":41,"column":16},"end":{"line":41,"column":26}},"loc":{"start":{"line":41,"column":34},"end":{"line":44,"column":null}}}},"branchMap":{"0":{"loc":{"start":{"line":14,"column":33},"end":{"line":14,"column":38}},"type":"default-arg","locations":[{"start":{"line":14,"column":33},"end":{"line":14,"column":38}}]},"1":{"loc":{"start":{"line":18,"column":43},"end":{"line":18,"column":48}},"type":"default-arg","locations":[{"start":{"line":18,"column":43},"end":{"line":18,"column":48}}]},"2":{"loc":{"start":{"line":21,"column":6},"end":{"line":25,"column":null}},"type":"if","locations":[{"start":{"line":21,"column":6},"end":{"line":25,"column":null}},{"start":{"line":21,"column":6},"end":{"line":25,"column":null}}]},"3":{"loc":{"start":{"line":36,"column":4},"end":{"line":38,"column":null}},"type":"if","locations":[{"start":{"line":36,"column":4},"end":{"line":38,"column":null}},{"start":{"line":36,"column":4},"end":{"line":38,"column":null}}]}},"s":{"0":1,"1":1,"2":1,"3":1,"4":0,"5":0,"6":0,"7":0,"8":0,"9":0,"10":0,"11":0,"12":0,"13":0,"14":0,"15":0,"16":0,"17":1},"f":{"0":1,"1":1,"2":0,"3":0,"4":0,"5":0,"6":0,"7":0,"8":0},"b":{"0":[1],"1":[0],"2":[0,0],"3":[0,0]}}
,"C:\\Users\\MSabelita681\\Desktop\\xend\\src\\controllers\\UserController.ts": {"path":"C:\\Users\\MSabelita681\\Desktop\\xend\\src\\controllers\\UserController.ts","statementMap":{"0":{"start":{"line":1,"column":0},"end":{"line":1,"column":48}},"1":{"start":{"line":2,"column":0},"end":{"line":2,"column":38}},"2":{"start":{"line":3,"column":12},"end":{"line":3,"column":45}},"3":{"start":{"line":7,"column":4},"end":{"line":7,"column":21}},"4":{"start":{"line":11,"column":4},"end":{"line":18,"column":null}},"5":{"start":{"line":12,"column":19},"end":{"line":12,"column":39}},"6":{"start":{"line":14,"column":6},"end":{"line":14,"column":24}},"7":{"start":{"line":15,"column":6},"end":{"line":15,"column":40}},"8":{"start":{"line":17,"column":6},"end":{"line":17,"column":40}},"9":{"start":{"line":22,"column":4},"end":{"line":25,"column":7}},"10":{"start":{"line":29,"column":26},"end":{"line":29,"column":28}},"11":{"start":{"line":30,"column":4},"end":{"line":32,"column":null}},"12":{"start":{"line":31,"column":6},"end":{"line":31,"column":null}},"13":{"start":{"line":33,"column":4},"end":{"line":36,"column":7}},"14":{"start":{"line":5,"column":0},"end":{"line":5,"column":13}}},"fnMap":{"0":{"name":"(anonymous_6)","decl":{"start":{"line":6,"column":2},"end":{"line":6,"column":null}},"loc":{"start":{"line":6,"column":2},"end":{"line":8,"column":3}}},"1":{"name":"(anonymous_7)","decl":{"start":{"line":10,"column":15},"end":{"line":10,"column":20}},"loc":{"start":{"line":10,"column":38},"end":{"line":19,"column":null}}},"2":{"name":"(anonymous_9)","decl":{"start":{"line":21,"column":10},"end":{"line":21,"column":22}},"loc":{"start":{"line":21,"column":37},"end":{"line":26,"column":3}}},"3":{"name":"(anonymous_10)","decl":{"start":{"line":28,"column":10},"end":{"line":28,"column":21}},"loc":{"start":{"line":28,"column":47},"end":{"line":37,"column":3}}}},"branchMap":{"0":{"loc":{"start":{"line":3,"column":13},"end":{"line":3,"column":33}},"type":"binary-expr","locations":[{"start":{"line":3,"column":13},"end":{"line":3,"column":33}},{"start":{"line":3,"column":38},"end":{"line":3,"column":45}}]}},"s":{"0":1,"1":1,"2":1,"3":1,"4":1,"5":1,"6":1,"7":1,"8":0,"9":1,"10":0,"11":0,"12":0,"13":0,"14":1},"f":{"0":1,"1":1,"2":1,"3":0},"b":{"0":[1,0]}}
,"C:\\Users\\MSabelita681\\Desktop\\xend\\src\\database\\configuration.ts": {"path":"C:\\Users\\MSabelita681\\Desktop\\xend\\src\\database\\configuration.ts","statementMap":{"0":{"start":{"line":1,"column":0},"end":{"line":1,"column":37}},"1":{"start":{"line":3,"column":21},"end":{"line":14,"column":null}},"2":{"start":{"line":17,"column":39},"end":{"line":17,"column":55}},"3":{"start":{"line":18,"column":15},"end":{"line":18,"column":58}},"4":{"start":{"line":20,"column":2},"end":{"line":25,"column":null}},"5":{"start":{"line":16,"column":0},"end":{"line":16,"column":22}}},"fnMap":{"0":{"name":"DBConnect","decl":{"start":{"line":16,"column":22},"end":{"line":16,"column":31}},"loc":{"start":{"line":16,"column":43},"end":{"line":26,"column":null}}}},"branchMap":{"0":{"loc":{"start":{"line":16,"column":36},"end":{"line":16,"column":43}},"type":"default-arg","locations":[{"start":{"line":16,"column":36},"end":{"line":16,"column":43}}]}},"s":{"0":1,"1":1,"2":1,"3":1,"4":1,"5":1},"f":{"0":1},"b":{"0":[0]}}
,"C:\\Users\\MSabelita681\\Desktop\\xend\\src\\schema\\user.ts": {"path":"C:\\Users\\MSabelita681\\Desktop\\xend\\src\\schema\\user.ts","statementMap":{"0":{"start":{"line":1,"column":0},"end":{"line":1,"column":37}},"1":{"start":{"line":2,"column":0},"end":{"line":2,"column":34}},"2":{"start":{"line":5,"column":13},"end":{"line":11,"column":25}},"3":{"start":{"line":13,"column":13},"end":{"line":13,"column":86}}},"fnMap":{},"branchMap":{"0":{"loc":{"start":{"line":13,"column":20},"end":{"line":13,"column":40}},"type":"binary-expr","locations":[{"start":{"line":13,"column":20},"end":{"line":13,"column":40}},{"start":{"line":13,"column":44},"end":{"line":13,"column":85}}]}},"s":{"0":1,"1":1,"2":1,"3":1},"f":{},"b":{"0":[1,1]}}
,"C:\\Users\\MSabelita681\\Desktop\\xend\\test\\utils\\apigateway.ts": {"path":"C:\\Users\\MSabelita681\\Desktop\\xend\\test\\utils\\apigateway.ts","statementMap":{"0":{"start":{"line":4,"column":13},"end":{"line":55,"column":null}}},"fnMap":{},"branchMap":{},"s":{"0":1},"f":{},"b":{}}
}
