{"C:\\Users\\MSabelita681\\Desktop\\xend\\src\\controllers\\BaseController.ts": {"path":"C:\\Users\\MSabelita681\\Desktop\\xend\\src\\controllers\\BaseController.ts","statementMap":{"0":{"start":{"line":2,"column":0},"end":{"line":2,"column":54}},"1":{"start":{"line":10,"column":4},"end":{"line":10,"column":25}},"2":{"start":{"line":11,"column":4},"end":{"line":11,"column":19}},"3":{"start":{"line":15,"column":4},"end":{"line":15,"column":39}},"4":{"start":{"line":19,"column":4},"end":{"line":26,"column":7}},"5":{"start":{"line":20,"column":21},"end":{"line":20,"column":35}},"6":{"start":{"line":21,"column":6},"end":{"line":25,"column":null}},"7":{"start":{"line":22,"column":8},"end":{"line":24,"column":37}},"8":{"start":{"line":23,"column":10},"end":{"line":23,"column":24}},"9":{"start":{"line":24,"column":24},"end":{"line":24,"column":35}},"10":{"start":{"line":30,"column":4},"end":{"line":30,"column":44}},"11":{"start":{"line":34,"column":19},"end":{"line":34,"column":33}},"12":{"start":{"line":35,"column":21},"end":{"line":35,"column":28}},"13":{"start":{"line":36,"column":4},"end":{"line":38,"column":null}},"14":{"start":{"line":37,"column":6},"end":{"line":37,"column":66}},"15":{"start":{"line":42,"column":19},"end":{"line":42,"column":33}},"16":{"start":{"line":43,"column":4},"end":{"line":43,"column":75}},"17":{"start":{"line":4,"column":0},"end":{"line":4,"column":13}}},"fnMap":{"0":{"name":"(anonymous_6)","decl":{"start":{"line":9,"column":2},"end":{"line":9,"column":14}},"loc":{"start":{"line":9,"column":25},"end":{"line":12,"column":3}}},"1":{"name":"(anonymous_7)","decl":{"start":{"line":14,"column":15},"end":{"line":14,"column":22}},"loc":{"start":{"line":14,"column":38},"end":{"line":16,"column":null}}},"2":{"name":"(anonymous_9)","decl":{"start":{"line":18,"column":15},"end":{"line":18,"column":23}},"loc":{"start":{"line":18,"column":48},"end":{"line":27,"column":null}}},"3":{"name":"(anonymous_11)","decl":{"start":{"line":19,"column":23},"end":{"line":19,"column":24}},"loc":{"start":{"line":19,"column":43},"end":{"line":26,"column":5}}},"4":{"name":"(anonymous_12)","decl":{"start":{"line":22,"column":53},"end":{"line":22,"column":57}},"loc":{"start":{"line":22,"column":60},"end":{"line":24,"column":9}}},"5":{"name":"(anonymous_13)","decl":{"start":{"line":24,"column":17},"end":{"line":24,"column":20}},"loc":{"start":{"line":24,"column":24},"end":{"line":24,"column":35}}},"6":{"name":"(anonymous_14)","decl":{"start":{"line":29,"column":15},"end":{"line":29,"column":24}},"loc":{"start":{"line":29,"column":32},"end":{"line":31,"column":null}}},"7":{"name":"(anonymous_16)","decl":{"start":{"line":33,"column":15},"end":{"line":33,"column":25}},"loc":{"start":{"line":33,"column":33},"end":{"line":39,"column":null}}},"8":{"name":"(anonymous_18)","decl":{"start":{"line":41,"column":16},"end":{"line":41,"column":26}},"loc":{"start":{"line":41,"column":34},"end":{"line":44,"column":null}}}},"branchMap":{"0":{"loc":{"start":{"line":14,"column":33},"end":{"line":14,"column":38}},"type":"default-arg","locations":[{"start":{"line":14,"column":33},"end":{"line":14,"column":38}}]},"1":{"loc":{"start":{"line":18,"column":43},"end":{"line":18,"column":48}},"type":"default-arg","locations":[{"start":{"line":18,"column":43},"end":{"line":18,"column":48}}]},"2":{"loc":{"start":{"line":21,"column":6},"end":{"line":25,"column":null}},"type":"if","locations":[{"start":{"line":21,"column":6},"end":{"line":25,"column":null}},{"start":{"line":21,"column":6},"end":{"line":25,"column":null}}]},"3":{"loc":{"start":{"line":36,"column":4},"end":{"line":38,"column":null}},"type":"if","locations":[{"start":{"line":36,"column":4},"end":{"line":38,"column":null}},{"start":{"line":36,"column":4},"end":{"line":38,"column":null}}]}},"s":{"0":1,"1":2,"2":2,"3":1,"4":2,"5":2,"6":2,"7":2,"8":2,"9":0,"10":1,"11":1,"12":1,"13":1,"14":1,"15":1,"16":1,"17":1},"f":{"0":2,"1":1,"2":2,"3":2,"4":2,"5":0,"6":1,"7":1,"8":1},"b":{"0":[1],"1":[2],"2":[2,0],"3":[1,0]}}
,"C:\\Users\\MSabelita681\\Desktop\\xend\\src\\database\\configuration.ts": {"path":"C:\\Users\\MSabelita681\\Desktop\\xend\\src\\database\\configuration.ts","statementMap":{"0":{"start":{"line":1,"column":0},"end":{"line":1,"column":37}},"1":{"start":{"line":3,"column":21},"end":{"line":14,"column":null}},"2":{"start":{"line":17,"column":39},"end":{"line":17,"column":55}},"3":{"start":{"line":18,"column":15},"end":{"line":18,"column":58}},"4":{"start":{"line":20,"column":2},"end":{"line":25,"column":null}},"5":{"start":{"line":16,"column":0},"end":{"line":16,"column":22}}},"fnMap":{"0":{"name":"DBConnect","decl":{"start":{"line":16,"column":22},"end":{"line":16,"column":31}},"loc":{"start":{"line":16,"column":43},"end":{"line":26,"column":null}}}},"branchMap":{"0":{"loc":{"start":{"line":16,"column":36},"end":{"line":16,"column":43}},"type":"default-arg","locations":[{"start":{"line":16,"column":36},"end":{"line":16,"column":43}}]}},"s":{"0":5,"1":5,"2":6,"3":6,"4":6,"5":5},"f":{"0":6},"b":{"0":[0]}}
,"C:\\Users\\MSabelita681\\Desktop\\xend\\src\\schema\\comment.ts": {"path":"C:\\Users\\MSabelita681\\Desktop\\xend\\src\\schema\\comment.ts","statementMap":{"0":{"start":{"line":1,"column":0},"end":{"line":1,"column":37}},"1":{"start":{"line":2,"column":0},"end":{"line":2,"column":34}},"2":{"start":{"line":6,"column":30},"end":{"line":11,"column":24}},"3":{"start":{"line":13,"column":13},"end":{"line":13,"column":101}}},"fnMap":{},"branchMap":{"0":{"loc":{"start":{"line":13,"column":23},"end":{"line":13,"column":46}},"type":"binary-expr","locations":[{"start":{"line":13,"column":23},"end":{"line":13,"column":46}},{"start":{"line":13,"column":50},"end":{"line":13,"column":100}}]}},"s":{"0":1,"1":1,"2":1,"3":1},"f":{},"b":{"0":[1,1]}}
,"C:\\Users\\MSabelita681\\Desktop\\xend\\src\\schema\\organization.ts": {"path":"C:\\Users\\MSabelita681\\Desktop\\xend\\src\\schema\\organization.ts","statementMap":{"0":{"start":{"line":1,"column":0},"end":{"line":1,"column":37}},"1":{"start":{"line":2,"column":0},"end":{"line":2,"column":34}},"2":{"start":{"line":5,"column":35},"end":{"line":9,"column":47}},"3":{"start":{"line":11,"column":13},"end":{"line":11,"column":126}}},"fnMap":{},"branchMap":{"0":{"loc":{"start":{"line":11,"column":28},"end":{"line":11,"column":56}},"type":"binary-expr","locations":[{"start":{"line":11,"column":28},"end":{"line":11,"column":56}},{"start":{"line":11,"column":60},"end":{"line":11,"column":125}}]}},"s":{"0":1,"1":1,"2":1,"3":1},"f":{},"b":{"0":[1,1]}}
,"C:\\Users\\MSabelita681\\Desktop\\xend\\src\\schema\\user.ts": {"path":"C:\\Users\\MSabelita681\\Desktop\\xend\\src\\schema\\user.ts","statementMap":{"0":{"start":{"line":1,"column":0},"end":{"line":1,"column":37}},"1":{"start":{"line":2,"column":0},"end":{"line":2,"column":34}},"2":{"start":{"line":5,"column":13},"end":{"line":11,"column":25}},"3":{"start":{"line":13,"column":13},"end":{"line":13,"column":86}}},"fnMap":{},"branchMap":{"0":{"loc":{"start":{"line":13,"column":20},"end":{"line":13,"column":40}},"type":"binary-expr","locations":[{"start":{"line":13,"column":20},"end":{"line":13,"column":40}},{"start":{"line":13,"column":44},"end":{"line":13,"column":85}}]}},"s":{"0":2,"1":2,"2":2,"3":2},"f":{},"b":{"0":[2,2]}}
,"C:\\Users\\MSabelita681\\Desktop\\xend\\test\\utils\\variable.ts": {"path":"C:\\Users\\MSabelita681\\Desktop\\xend\\test\\utils\\variable.ts","statementMap":{"0":{"start":{"line":1,"column":13},"end":{"line":7,"column":2}},"1":{"start":{"line":9,"column":21},"end":{"line":12,"column":null}},"2":{"start":{"line":14,"column":16},"end":{"line":18,"column":null}},"3":{"start":{"line":20,"column":0},"end":{"line":24,"column":null}}},"fnMap":{},"branchMap":{},"s":{"0":4,"1":4,"2":4,"3":4},"f":{},"b":{}}
}
