TN:
SF:C:\Users\MSabelita681\Desktop\xend\src\app.ts
FN:10,(anonymous_0)
FN:15,(anonymous_1)
FNF:2
FNH:2
FNDA:1,(anonymous_0)
FNDA:1,(anonymous_1)
DA:1,1
DA:2,1
DA:4,1
DA:11,1
DA:12,1
DA:16,1
DA:17,1
DA:21,1
LF:8
LH:8
BRF:0
BRH:0
end_of_record
TN:
SF:C:\Users\MSabelita681\Desktop\xend\src\routes.ts
FNF:0
FNH:0
DA:1,1
DA:2,1
DA:3,1
DA:4,1
DA:6,1
DA:8,1
LF:6
LH:6
BRF:0
BRH:0
end_of_record
TN:
SF:C:\Users\MSabelita681\Desktop\xend\src\controllers\BaseController.ts
FN:9,(anonymous_6)
FN:14,(anonymous_7)
FN:18,(anonymous_9)
FN:19,(anonymous_11)
FN:22,(anonymous_12)
FN:24,(anonymous_13)
FN:29,(anonymous_14)
FN:33,(anonymous_16)
FN:41,(anonymous_18)
FNF:9
FNH:2
FNDA:1,(anonymous_6)
FNDA:1,(anonymous_7)
FNDA:0,(anonymous_9)
FNDA:0,(anonymous_11)
FNDA:0,(anonymous_12)
FNDA:0,(anonymous_13)
FNDA:0,(anonymous_14)
FNDA:0,(anonymous_16)
FNDA:0,(anonymous_18)
DA:2,1
DA:4,1
DA:10,1
DA:11,1
DA:15,1
DA:19,0
DA:20,0
DA:21,0
DA:22,0
DA:23,0
DA:24,0
DA:30,0
DA:34,0
DA:35,0
DA:36,0
DA:37,0
DA:42,0
DA:43,0
LF:18
LH:5
BRDA:14,0,0,1
BRDA:18,1,0,0
BRDA:21,2,0,0
BRDA:21,2,1,0
BRDA:36,3,0,0
BRDA:36,3,1,0
BRF:6
BRH:1
end_of_record
TN:
SF:C:\Users\MSabelita681\Desktop\xend\src\controllers\UserController.ts
FN:6,(anonymous_6)
FN:10,(anonymous_7)
FN:21,(anonymous_9)
FN:28,(anonymous_10)
FNF:4
FNH:3
FNDA:1,(anonymous_6)
FNDA:1,(anonymous_7)
FNDA:1,(anonymous_9)
FNDA:0,(anonymous_10)
DA:1,1
DA:2,1
DA:3,1
DA:5,1
DA:7,1
DA:11,1
DA:12,1
DA:14,1
DA:15,1
DA:17,0
DA:22,1
DA:29,0
DA:30,0
DA:31,0
DA:33,0
LF:15
LH:10
BRDA:3,0,0,1
BRDA:3,0,1,0
BRF:2
BRH:1
end_of_record
TN:
SF:C:\Users\MSabelita681\Desktop\xend\src\database\configuration.ts
FN:16,DBConnect
FNF:1
FNH:1
FNDA:1,DBConnect
DA:1,1
DA:3,1
DA:16,1
DA:17,1
DA:18,1
DA:20,1
LF:6
LH:6
BRDA:16,0,0,0
BRF:1
BRH:0
end_of_record
TN:
SF:C:\Users\MSabelita681\Desktop\xend\src\schema\user.ts
FNF:0
FNH:0
DA:1,1
DA:2,1
DA:5,1
DA:13,1
LF:4
LH:4
BRDA:13,0,0,1
BRDA:13,0,1,1
BRF:2
BRH:2
end_of_record
TN:
SF:C:\Users\MSabelita681\Desktop\xend\test\utils\apigateway.ts
FNF:0
FNH:0
DA:4,1
LF:1
LH:1
BRF:0
BRH:0
end_of_record
