TN:
SF:C:\Users\MSabelita681\Desktop\xend\src\controllers\BaseController.ts
FN:9,(anonymous_6)
FN:14,(anonymous_7)
FN:18,(anonymous_9)
FN:19,(anonymous_11)
FN:22,(anonymous_12)
FN:24,(anonymous_13)
FN:29,(anonymous_14)
FN:33,(anonymous_16)
FN:41,(anonymous_18)
FNF:9
FNH:8
FNDA:2,(anonymous_6)
FNDA:1,(anonymous_7)
FNDA:1,(anonymous_9)
FNDA:1,(anonymous_11)
FNDA:1,(anonymous_12)
FNDA:0,(anonymous_13)
FNDA:1,(anonymous_14)
FNDA:1,(anonymous_16)
FNDA:1,(anonymous_18)
DA:2,1
DA:4,1
DA:10,2
DA:11,2
DA:15,1
DA:19,1
DA:20,1
DA:21,1
DA:22,1
DA:23,1
DA:24,0
DA:30,1
DA:34,1
DA:35,1
DA:36,1
DA:37,1
DA:42,1
DA:43,1
LF:18
LH:17
BRDA:21,0,0,1
BRDA:21,0,1,0
BRDA:36,1,0,1
BRDA:36,1,1,0
BRF:4
BRH:2
end_of_record
TN:
SF:C:\Users\MSabelita681\Desktop\xend\src\database\configuration.ts
FN:16,DBConnect
FNF:1
FNH:1
FNDA:6,DBConnect
DA:1,5
DA:3,5
DA:16,5
DA:17,6
DA:18,6
DA:20,6
LF:6
LH:6
BRDA:16,0,0,0
BRF:1
BRH:0
end_of_record
TN:
SF:C:\Users\MSabelita681\Desktop\xend\src\schema\comment.ts
FNF:0
FNH:0
DA:1,1
DA:2,1
DA:6,1
DA:12,1
LF:4
LH:4
BRDA:12,0,0,1
BRDA:12,0,1,1
BRF:2
BRH:2
end_of_record
TN:
SF:C:\Users\MSabelita681\Desktop\xend\src\schema\organization.ts
FNF:0
FNH:0
DA:1,1
DA:2,1
DA:4,1
DA:6,1
DA:11,1
LF:5
LH:5
BRDA:11,0,0,1
BRDA:11,0,1,1
BRF:2
BRH:2
end_of_record
TN:
SF:C:\Users\MSabelita681\Desktop\xend\src\schema\user.ts
FNF:0
FNH:0
DA:1,2
DA:2,2
DA:4,2
DA:6,2
DA:13,2
LF:5
LH:5
BRDA:13,0,0,2
BRDA:13,0,1,2
BRF:2
BRH:2
end_of_record
TN:
SF:C:\Users\MSabelita681\Desktop\xend\test\utils\variable.ts
FNF:0
FNH:0
DA:1,4
DA:9,4
DA:14,4
DA:20,4
LF:4
LH:4
BRF:0
BRH:0
end_of_record
